 
****************************************
Report : timing
        -path full
        -delay max
        -max_paths 1
Design : sbox_aria
Version: L-2016.03-SP1
Date   : Mon Jan 12 18:10:20 2026
****************************************

Operating Conditions: typical   Library: NangateOpenCellLibrary
Wire Load Model Mode: top

  Startpoint: X[1] (input port)
  Endpoint: Y[5] (output port)
  Path Group: default
  Path Type: max

  Des/Clust/Port     Wire Load Model       Library
  ------------------------------------------------
  sbox_aria          5K_hvratio_1_1        NangateOpenCellLibrary

  Point                                    Incr       Path
  -----------------------------------------------------------
  input external delay                   0.0000     0.0000 f
  X[1] (in)                              0.0000     0.0000 f
  U1033/ZN (INV_X1)                      0.0269     0.0269 r
  U1066/ZN (NOR2_X1)                     0.0232     0.0501 f
  U1096/ZN (NAND2_X1)                    0.0341     0.0843 r
  U1097/ZN (INV_X1)                      0.0310     0.1153 f
  U810/ZN (AND2_X1)                      0.0414     0.1567 f
  U1113/ZN (NOR2_X2)                     0.0655     0.2222 r
  U966/ZN (INV_X1)                       0.0282     0.2504 f
  U894/ZN (NOR2_X1)                      0.0371     0.2875 r
  U707/ZN (AND2_X1)                      0.0510     0.3385 r
  U1339/ZN (NAND2_X1)                    0.0286     0.3671 f
  U803/ZN (OR2_X1)                       0.0513     0.4184 f
  U1345/ZN (NAND2_X1)                    0.0289     0.4472 r
  U1351/ZN (NAND2_X1)                    0.0264     0.4736 f
  U1363/ZN (NOR2_X1)                     0.0343     0.5079 r
  U1384/ZN (NAND2_X1)                    0.0226     0.5305 f
  Y[5] (out)                             0.0019     0.5324 f
  data arrival time                                 0.5324

  max_delay                              0.5331     0.5331
  output external delay                  0.0000     0.5331
  data required time                                0.5331
  -----------------------------------------------------------
  data required time                                0.5331
  data arrival time                                -0.5324
  -----------------------------------------------------------
  slack (MET)                                       0.0007


1
 
****************************************
Report : timing
        -path full
        -delay min
        -max_paths 1
Design : sbox_aria
Version: L-2016.03-SP1
Date   : Mon Jan 12 18:10:20 2026
****************************************

Operating Conditions: typical   Library: NangateOpenCellLibrary
Wire Load Model Mode: top

  Startpoint: X[7] (input port)
  Endpoint: Y[5] (output port)
  Path Group: (none)
  Path Type: min

  Des/Clust/Port     Wire Load Model       Library
  ------------------------------------------------
  sbox_aria          5K_hvratio_1_1        NangateOpenCellLibrary

  Point                                    Incr       Path
  -----------------------------------------------------------
  input external delay                   0.0000     0.0000 r
  X[7] (in)                              0.0000     0.0000 r
  U688/ZN (NOR2_X1)                      0.0418     0.0418 f
  U1383/ZN (NAND2_X1)                    0.0407     0.0825 r
  U1384/ZN (NAND2_X1)                    0.0227     0.1052 f
  Y[5] (out)                             0.0019     0.1072 f
  data arrival time                                 0.1072
  -----------------------------------------------------------
  (Path is unconstrained)


1
