 
****************************************
Report : timing
        -path full
        -delay max
        -max_paths 1
Design : anf_from_sp
Version: L-2016.03-SP1
Date   : Tue Jan 13 22:23:47 2026
****************************************

Operating Conditions: typical   Library: NangateOpenCellLibrary
Wire Load Model Mode: top

  Startpoint: x1 (input port)
  Endpoint: f3 (output port)
  Path Group: default
  Path Type: max

  Des/Clust/Port     Wire Load Model       Library
  ------------------------------------------------
  anf_from_sp        5K_hvratio_1_1        NangateOpenCellLibrary

  Point                                    Incr       Path
  -----------------------------------------------------------
  input external delay                   0.0000     0.0000 f
  x1 (in)                                0.0000     0.0000 f
  U150/ZN (NAND2_X1)                     0.0287     0.0287 r
  U151/ZN (NAND2_X1)                     0.0262     0.0548 f
  U152/ZN (XNOR2_X1)                     0.0522     0.1070 f
  U153/ZN (NOR2_X1)                      0.0386     0.1457 r
  U155/ZN (XNOR2_X1)                     0.0574     0.2030 r
  U156/ZN (NAND2_X1)                     0.0278     0.2308 f
  U159/ZN (NAND2_X1)                     0.0281     0.2589 r
  U165/ZN (XNOR2_X1)                     0.0570     0.3159 r
  U166/ZN (XNOR2_X1)                     0.0565     0.3725 r
  f3 (out)                               0.0019     0.3744 r
  data arrival time                                 0.3744

  max_delay                              0.3744     0.3744
  output external delay                  0.0000     0.3744
  data required time                                0.3744
  -----------------------------------------------------------
  data required time                                0.3744
  data arrival time                                -0.3744
  -----------------------------------------------------------
  slack (MET)                                       0.0000


1
 
****************************************
Report : timing
        -path full
        -delay min
        -max_paths 1
Design : anf_from_sp
Version: L-2016.03-SP1
Date   : Tue Jan 13 22:23:47 2026
****************************************

Operating Conditions: typical   Library: NangateOpenCellLibrary
Wire Load Model Mode: top

  Startpoint: x2 (input port)
  Endpoint: f7 (output port)
  Path Group: (none)
  Path Type: min

  Des/Clust/Port     Wire Load Model       Library
  ------------------------------------------------
  anf_from_sp        5K_hvratio_1_1        NangateOpenCellLibrary

  Point                                    Incr       Path
  -----------------------------------------------------------
  input external delay                   0.0000     0.0000 r
  x2 (in)                                0.0000     0.0000 r
  U170/Z (XOR2_X1)                       0.0356     0.0356 f
  f7 (out)                               0.0019     0.0376 f
  data arrival time                                 0.0376
  -----------------------------------------------------------
  (Path is unconstrained)


1
