 
****************************************
Report : area
Design : AES_SBOX_TGATES
Version: L-2016.03-SP1
Date   : Sun Oct 12 10:02:44 2025
****************************************

Library(s) Used:

    NangateOpenCellLibrary (File: /home/chenhao/Synopsys/dc2016/NangateOpenCellLibrary_PDKv1_3_v2010_12/liberty/NangateOpenCellLibrary_typical.db)

Number of ports:                           16
Number of nets:                           334
Number of cells:                          326
Number of combinational cells:            325
Number of sequential cells:                 1
Number of macros/black boxes:               0
Number of buf/inv:                         38
Number of references:                      20

Combinational area:                360.163998
Buf/Inv area:                       20.216000
Noncombinational area:               0.000000
Macro/Black Box area:                0.000000
Net Interconnect area:      undefined  (Wire load has zero net area)

Total cell area:                   360.163998
Total area:                 undefined
1
