 
****************************************
Report : timing
        -path full
        -delay max
        -max_paths 1
Design : anf_from_sp
Version: L-2016.03-SP1
Date   : Tue Jan 13 16:05:21 2026
****************************************

Operating Conditions: typical   Library: NangateOpenCellLibrary
Wire Load Model Mode: top

  Startpoint: x4 (input port)
  Endpoint: f4 (output port)
  Path Group: default
  Path Type: max

  Des/Clust/Port     Wire Load Model       Library
  ------------------------------------------------
  anf_from_sp        5K_hvratio_1_1        NangateOpenCellLibrary

  Point                                    Incr       Path
  -----------------------------------------------------------
  input external delay                   0.0000     0.0000 f
  x4 (in)                                0.0000     0.0000 f
  U147/ZN (OR2_X1)                       0.0575     0.0575 f
  U197/ZN (NOR2_X1)                      0.0384     0.0959 r
  U198/ZN (XNOR2_X1)                     0.0590     0.1549 r
  U204/ZN (XNOR2_X1)                     0.0598     0.2147 r
  U212/ZN (XNOR2_X1)                     0.0598     0.2745 r
  U217/ZN (XNOR2_X1)                     0.0540     0.3285 r
  f4 (out)                               0.0019     0.3304 r
  data arrival time                                 0.3304

  max_delay                              0.3303     0.3303
  output external delay                  0.0000     0.3303
  data required time                                0.3303
  -----------------------------------------------------------
  data required time                                0.3303
  data arrival time                                -0.3304
  -----------------------------------------------------------
  slack (VIOLATED)                                 -0.0001


1
 
****************************************
Report : timing
        -path full
        -delay min
        -max_paths 1
Design : anf_from_sp
Version: L-2016.03-SP1
Date   : Tue Jan 13 16:05:21 2026
****************************************

Operating Conditions: typical   Library: NangateOpenCellLibrary
Wire Load Model Mode: top

  Startpoint: x3 (input port)
  Endpoint: f1 (output port)
  Path Group: (none)
  Path Type: min

  Des/Clust/Port     Wire Load Model       Library
  ------------------------------------------------
  anf_from_sp        5K_hvratio_1_1        NangateOpenCellLibrary

  Point                                    Incr       Path
  -----------------------------------------------------------
  input external delay                   0.0000     0.0000 r
  x3 (in)                                0.0000     0.0000 r
  U248/ZN (NAND2_X1)                     0.0308     0.0308 f
  U249/ZN (NAND2_X1)                     0.0296     0.0604 r
  U250/ZN (XNOR2_X1)                     0.0311     0.0914 f
  f1 (out)                               0.0019     0.0933 f
  data arrival time                                 0.0933
  -----------------------------------------------------------
  (Path is unconstrained)


1
