 
****************************************
Report : area
Design : sbox_aes
Version: L-2016.03-SP1
Date   : Tue Sep 23 17:06:53 2025
****************************************

Library(s) Used:

    NangateOpenCellLibrary (File: /home/chenhao/Synopsys/dc2016/NangateOpenCellLibrary_PDKv1_3_v2010_12/liberty/NangateOpenCellLibrary_typical.db)

Number of ports:                           16
Number of nets:                           403
Number of cells:                          395
Number of combinational cells:            395
Number of sequential cells:                 0
Number of macros/black boxes:               0
Number of buf/inv:                         80
Number of references:                      15

Combinational area:                376.124003
Buf/Inv area:                       42.560000
Noncombinational area:               0.000000
Macro/Black Box area:                0.000000
Net Interconnect area:      undefined  (Wire load has zero net area)

Total cell area:                   376.124003
Total area:                 undefined
1
