 
****************************************
Report : timing
        -path full
        -delay max
        -max_paths 1
Design : sbox_aes
Version: L-2016.03-SP1
Date   : Fri Dec  5 17:39:23 2025
****************************************

Operating Conditions: typical   Library: NangateOpenCellLibrary
Wire Load Model Mode: top

  Startpoint: X[3] (input port)
  Endpoint: Y[5] (output port)
  Path Group: default
  Path Type: max

  Des/Clust/Port     Wire Load Model       Library
  ------------------------------------------------
  sbox_aes           5K_hvratio_1_1        NangateOpenCellLibrary

  Point                                    Incr       Path
  -----------------------------------------------------------
  input external delay                   0.0000     0.0000 r
  X[3] (in)                              0.0000     0.0000 r
  U945/ZN (NAND2_X1)                     0.0380     0.0380 f
  U866/ZN (OR2_X2)                       0.0662     0.1043 f
  U760/Z (BUF_X2)                        0.0500     0.1543 f
  U1003/ZN (NOR2_X1)                     0.0788     0.2331 r
  U1119/ZN (INV_X1)                      0.0335     0.2667 f
  U1121/ZN (NAND2_X1)                    0.0309     0.2975 r
  U1126/ZN (NOR2_X1)                     0.0214     0.3189 f
  U690/ZN (NAND2_X1)                     0.0353     0.3542 r
  U1351/ZN (NOR2_X1)                     0.0268     0.3810 f
  U1355/ZN (NAND2_X1)                    0.0274     0.4084 r
  U1356/ZN (NAND2_X1)                    0.0248     0.4332 f
  U1357/ZN (NAND2_X1)                    0.0326     0.4658 r
  U1378/ZN (NOR2_X1)                     0.0216     0.4874 f
  U1390/ZN (NAND2_X1)                    0.0206     0.5080 r
  Y[5] (out)                             0.0019     0.5099 r
  data arrival time                                 0.5099

  max_delay                              0.5101     0.5101
  output external delay                  0.0000     0.5101
  data required time                                0.5101
  -----------------------------------------------------------
  data required time                                0.5101
  data arrival time                                -0.5099
  -----------------------------------------------------------
  slack (MET)                                       0.0002


1
 
****************************************
Report : timing
        -path full
        -delay min
        -max_paths 1
Design : sbox_aes
Version: L-2016.03-SP1
Date   : Fri Dec  5 17:39:23 2025
****************************************

Operating Conditions: typical   Library: NangateOpenCellLibrary
Wire Load Model Mode: top

  Startpoint: X[7] (input port)
  Endpoint: Y[6] (output port)
  Path Group: (none)
  Path Type: min

  Des/Clust/Port     Wire Load Model       Library
  ------------------------------------------------
  sbox_aes           5K_hvratio_1_1        NangateOpenCellLibrary

  Point                                    Incr       Path
  -----------------------------------------------------------
  input external delay                   0.0000     0.0000 r
  X[7] (in)                              0.0000     0.0000 r
  U722/ZN (NOR2_X1)                      0.0345     0.0345 f
  U1341/ZN (NAND2_X1)                    0.0350     0.0695 r
  U1342/ZN (NAND2_X1)                    0.0226     0.0921 f
  Y[6] (out)                             0.0019     0.0940 f
  data arrival time                                 0.0940
  -----------------------------------------------------------
  (Path is unconstrained)


1
