 
****************************************
Report : timing
        -path full
        -delay max
        -max_paths 1
Design : anf_from_sp
Version: L-2016.03-SP1
Date   : Mon Jan 12 21:04:15 2026
****************************************

Operating Conditions: typical   Library: NangateOpenCellLibrary
Wire Load Model Mode: top

  Startpoint: x5 (input port)
  Endpoint: f6 (output port)
  Path Group: default
  Path Type: max

  Des/Clust/Port     Wire Load Model       Library
  ------------------------------------------------
  anf_from_sp        5K_hvratio_1_1        NangateOpenCellLibrary

  Point                                    Incr       Path
  -----------------------------------------------------------
  input external delay                   0.0000     0.0000 r
  x5 (in)                                0.0000     0.0000 r
  U812/ZN (AND2_X1)                      0.0750     0.0750 r
  U850/ZN (AND2_X1)                      0.0557     0.1308 r
  U1090/ZN (INV_X1)                      0.0246     0.1554 f
  U1284/ZN (XNOR2_X1)                    0.0535     0.2088 f
  U1286/ZN (NOR2_X1)                     0.0404     0.2492 r
  U1074/ZN (XNOR2_X1)                    0.0626     0.3118 r
  U968/ZN (XNOR2_X1)                     0.0633     0.3751 r
  U1324/ZN (XNOR2_X1)                    0.0624     0.4375 r
  U1368/ZN (XNOR2_X1)                    0.0540     0.4915 r
  f6 (out)                               0.0019     0.4934 r
  data arrival time                                 0.4934

  max_delay                              0.4935     0.4935
  output external delay                  0.0000     0.4935
  data required time                                0.4935
  -----------------------------------------------------------
  data required time                                0.4935
  data arrival time                                -0.4934
  -----------------------------------------------------------
  slack (MET)                                       0.0001


1
 
****************************************
Report : timing
        -path full
        -delay min
        -max_paths 1
Design : anf_from_sp
Version: L-2016.03-SP1
Date   : Mon Jan 12 21:04:15 2026
****************************************

Operating Conditions: typical   Library: NangateOpenCellLibrary
Wire Load Model Mode: top

  Startpoint: x6 (input port)
  Endpoint: f3 (output port)
  Path Group: (none)
  Path Type: min

  Des/Clust/Port     Wire Load Model       Library
  ------------------------------------------------
  anf_from_sp        5K_hvratio_1_1        NangateOpenCellLibrary

  Point                                    Incr       Path
  -----------------------------------------------------------
  input external delay                   0.0000     0.0000 r
  x6 (in)                                0.0000     0.0000 r
  U1667/ZN (NOR2_X1)                     0.0404     0.0404 f
  U1668/ZN (NOR2_X1)                     0.0436     0.0839 r
  U1704/ZN (XNOR2_X1)                    0.0340     0.1180 f
  f3 (out)                               0.0019     0.1199 f
  data arrival time                                 0.1199
  -----------------------------------------------------------
  (Path is unconstrained)


1
