 
****************************************
Report : timing
        -path full
        -delay max
        -max_paths 1
Design : sbox_camellia_s1
Version: L-2016.03-SP1
Date   : Mon Jan 12 22:38:31 2026
****************************************

Operating Conditions: typical   Library: NangateOpenCellLibrary
Wire Load Model Mode: top

  Startpoint: X[3] (input port)
  Endpoint: Y[6] (output port)
  Path Group: default
  Path Type: max

  Des/Clust/Port     Wire Load Model       Library
  ------------------------------------------------
  sbox_camellia_s1   5K_hvratio_1_1        NangateOpenCellLibrary

  Point                                    Incr       Path
  -----------------------------------------------------------
  input external delay                   0.0000     0.0000 r
  X[3] (in)                              0.0000     0.0000 r
  U829/ZN (INV_X1)                       0.0237     0.0237 f
  U884/ZN (AND2_X1)                      0.0406     0.0643 f
  U661/ZN (AND2_X1)                      0.0492     0.1135 f
  U1072/ZN (NAND2_X1)                    0.0532     0.1668 r
  U1176/ZN (AND2_X1)                     0.0530     0.2197 r
  U1177/ZN (AND2_X1)                     0.0388     0.2585 r
  U1178/ZN (AND2_X1)                     0.0383     0.2967 r
  U1179/ZN (NAND2_X1)                    0.0275     0.3243 f
  U758/ZN (OR2_X1)                       0.0565     0.3808 f
  U1180/ZN (OR2_X1)                      0.0572     0.4380 f
  U1181/ZN (NAND2_X1)                    0.0249     0.4629 r
  U819/ZN (AND2_X1)                      0.0403     0.5032 r
  U1182/ZN (NAND2_X1)                    0.0208     0.5240 f
  Y[6] (out)                             0.0019     0.5259 f
  data arrival time                                 0.5259

  max_delay                              0.5260     0.5260
  output external delay                  0.0000     0.5260
  data required time                                0.5260
  -----------------------------------------------------------
  data required time                                0.5260
  data arrival time                                -0.5259
  -----------------------------------------------------------
  slack (MET)                                       0.0001


1
 
****************************************
Report : timing
        -path full
        -delay min
        -max_paths 1
Design : sbox_camellia_s1
Version: L-2016.03-SP1
Date   : Mon Jan 12 22:38:31 2026
****************************************

Operating Conditions: typical   Library: NangateOpenCellLibrary
Wire Load Model Mode: top

  Startpoint: X[6] (input port)
  Endpoint: Y[6] (output port)
  Path Group: (none)
  Path Type: min

  Des/Clust/Port     Wire Load Model       Library
  ------------------------------------------------
  sbox_camellia_s1   5K_hvratio_1_1        NangateOpenCellLibrary

  Point                                    Incr       Path
  -----------------------------------------------------------
  input external delay                   0.0000     0.0000 f
  X[6] (in)                              0.0000     0.0000 f
  U1018/ZN (AND2_X1)                     0.0552     0.0552 f
  U1162/ZN (NAND2_X1)                    0.0383     0.0935 r
  U819/ZN (AND2_X1)                      0.0384     0.1319 r
  U1182/ZN (NAND2_X1)                    0.0208     0.1527 f
  Y[6] (out)                             0.0019     0.1546 f
  data arrival time                                 0.1546
  -----------------------------------------------------------
  (Path is unconstrained)


1
