 
****************************************
Report : timing
        -path full
        -delay max
        -max_paths 1
Design : sbox_skinny128
Version: L-2016.03-SP1
Date   : Tue Jan 13 20:37:30 2026
****************************************

Operating Conditions: typical   Library: NangateOpenCellLibrary
Wire Load Model Mode: top

  Startpoint: X[6] (input port)
  Endpoint: Y[0] (output port)
  Path Group: default
  Path Type: max

  Des/Clust/Port     Wire Load Model       Library
  ------------------------------------------------
  sbox_skinny128     5K_hvratio_1_1        NangateOpenCellLibrary

  Point                                    Incr       Path
  -----------------------------------------------------------
  input external delay                   0.0000     0.0000 f
  X[6] (in)                              0.0000     0.0000 f
  u_nor0/b (NOR2_7)                      0.0000     0.0000 f
  u_nor0/U1/ZN (NOR2_X1)                 0.0422     0.0422 r
  u_nor0/y (NOR2_7)                      0.0000     0.0422 r
  u_xor1/b (XOR2_7)                      0.0000     0.0422 r
  u_xor1/U2/ZN (XNOR2_X1)                0.0604     0.1026 r
  u_xor1/y (XOR2_7)                      0.0000     0.1026 r
  u_nor6/a (NOR2_4)                      0.0000     0.1026 r
  u_nor6/U1/ZN (NOR2_X1)                 0.0286     0.1312 f
  u_nor6/y (NOR2_4)                      0.0000     0.1312 f
  u_xor7/b (XOR2_4)                      0.0000     0.1312 f
  u_xor7/U2/ZN (XNOR2_X1)                0.0551     0.1863 f
  u_xor7/y (XOR2_4)                      0.0000     0.1863 f
  u_nor10/b (NOR2_2)                     0.0000     0.1863 f
  u_nor10/U1/ZN (NOR2_X1)                0.0411     0.2274 r
  u_nor10/y (NOR2_2)                     0.0000     0.2274 r
  u_xor11/b (XOR2_2)                     0.0000     0.2274 r
  u_xor11/U2/ZN (XNOR2_X1)               0.0586     0.2861 r
  u_xor11/y (XOR2_2)                     0.0000     0.2861 r
  u_nor14/b (NOR2_0)                     0.0000     0.2861 r
  u_nor14/U1/ZN (NOR2_X1)                0.0266     0.3127 f
  u_nor14/y (NOR2_0)                     0.0000     0.3127 f
  u_xor15/b (XOR2_0)                     0.0000     0.3127 f
  u_xor15/U2/ZN (XNOR2_X1)               0.0489     0.3617 f
  u_xor15/y (XOR2_0)                     0.0000     0.3617 f
  Y[0] (out)                             0.0019     0.3636 f
  data arrival time                                 0.3636

  max_delay                              0.3636     0.3636
  output external delay                  0.0000     0.3636
  data required time                                0.3636
  -----------------------------------------------------------
  data required time                                0.3636
  data arrival time                                -0.3636
  -----------------------------------------------------------
  slack (MET)                                       0.0000


1
 
****************************************
Report : timing
        -path full
        -delay min
        -max_paths 1
Design : sbox_skinny128
Version: L-2016.03-SP1
Date   : Tue Jan 13 20:37:30 2026
****************************************

Operating Conditions: typical   Library: NangateOpenCellLibrary
Wire Load Model Mode: top

  Startpoint: X[3] (input port)
  Endpoint: Y[4] (output port)
  Path Group: (none)
  Path Type: min

  Des/Clust/Port     Wire Load Model       Library
  ------------------------------------------------
  sbox_skinny128     5K_hvratio_1_1        NangateOpenCellLibrary

  Point                                    Incr       Path
  -----------------------------------------------------------
  input external delay                   0.0000     0.0000 r
  X[3] (in)                              0.0000     0.0000 r
  u_xor13/a (XOR2_1)                     0.0000     0.0000 r
  u_xor13/U1/Z (XOR2_X1)                 0.0297     0.0297 f
  u_xor13/y (XOR2_1)                     0.0000     0.0297 f
  Y[4] (out)                             0.0019     0.0316 f
  data arrival time                                 0.0316
  -----------------------------------------------------------
  (Path is unconstrained)


1
