 
****************************************
Report : timing
        -path full
        -delay max
        -max_paths 1
Design : anf_from_sp
Version: L-2016.03-SP1
Date   : Mon Dec  8 10:31:09 2025
****************************************

Operating Conditions: typical   Library: NangateOpenCellLibrary
Wire Load Model Mode: top

  Startpoint: x3 (input port)
  Endpoint: f1 (output port)
  Path Group: default
  Path Type: max

  Des/Clust/Port     Wire Load Model       Library
  ------------------------------------------------
  anf_from_sp        5K_hvratio_1_1        NangateOpenCellLibrary

  Point                                    Incr       Path
  -----------------------------------------------------------
  input external delay                   0.0000     0.0000 r
  x3 (in)                                0.0000     0.0000 r
  U984/ZN (NAND2_X1)                     0.0509     0.0509 f
  U982/Z (BUF_X1)                        0.0451     0.0960 f
  U1441/ZN (NOR2_X1)                     0.0358     0.1318 r
  U1442/ZN (NAND2_X1)                    0.0272     0.1590 f
  U1443/ZN (NAND2_X1)                    0.0284     0.1874 r
  U1444/ZN (NAND2_X1)                    0.0263     0.2137 f
  U1447/ZN (XNOR2_X1)                    0.0481     0.2618 r
  U1003/ZN (XNOR2_X1)                    0.0598     0.3217 r
  U1462/ZN (XNOR2_X1)                    0.0598     0.3815 r
  U1473/ZN (XNOR2_X1)                    0.0598     0.4413 r
  U1503/ZN (XNOR2_X1)                    0.0540     0.4953 r
  f1 (out)                               0.0019     0.4972 r
  data arrival time                                 0.4972

  max_delay                              0.4974     0.4974
  output external delay                  0.0000     0.4974
  data required time                                0.4974
  -----------------------------------------------------------
  data required time                                0.4974
  data arrival time                                -0.4972
  -----------------------------------------------------------
  slack (MET)                                       0.0002


1
 
****************************************
Report : timing
        -path full
        -delay min
        -max_paths 1
Design : anf_from_sp
Version: L-2016.03-SP1
Date   : Mon Dec  8 10:31:09 2025
****************************************

Operating Conditions: typical   Library: NangateOpenCellLibrary
Wire Load Model Mode: top

  Startpoint: x3 (input port)
  Endpoint: f4 (output port)
  Path Group: (none)
  Path Type: min

  Des/Clust/Port     Wire Load Model       Library
  ------------------------------------------------
  anf_from_sp        5K_hvratio_1_1        NangateOpenCellLibrary

  Point                                    Incr       Path
  -----------------------------------------------------------
  input external delay                   0.0000     0.0000 f
  x3 (in)                                0.0000     0.0000 f
  U1681/ZN (NAND2_X1)                    0.0413     0.0413 r
  U1684/ZN (XNOR2_X1)                    0.0361     0.0774 f
  U1685/ZN (XNOR2_X1)                    0.0485     0.1259 r
  U1686/ZN (XNOR2_X1)                    0.0379     0.1638 f
  U1717/ZN (XNOR2_X1)                    0.0351     0.1988 r
  f4 (out)                               0.0019     0.2008 r
  data arrival time                                 0.2008
  -----------------------------------------------------------
  (Path is unconstrained)


1
